\BOOKMARK [1][]{section.1}{Introduction To Organisation}{}
\BOOKMARK [2][]{subsection.1.1}{TESTING AND CONSULTANCY CELL}{section.1}
\BOOKMARK [1][]{section.2}{Introduction to project}{}
\BOOKMARK [2][]{subsection.2.1}{Overview}{section.2}
\BOOKMARK [2][]{subsection.2.2}{Existing System}{section.2}
\BOOKMARK [2][]{subsection.2.3}{Use Requirement Analysis}{section.2}
\BOOKMARK [2][]{subsection.2.4}{Feasibility Study}{section.2}
\BOOKMARK [2][]{subsection.2.5}{Objective of Project}{section.2}
\BOOKMARK [1][]{section.3}{Project Design}{}
\BOOKMARK [2][]{subsection.3.1}{Product prespective}{section.3}
\BOOKMARK [2][]{subsection.3.2}{Product functions}{section.3}
\BOOKMARK [2][]{subsection.3.3}{User characteristics}{section.3}
\BOOKMARK [2][]{subsection.3.4}{Constraints}{section.3}
\BOOKMARK [2][]{subsection.3.5}{Use Case Model/FlowCharts/DFDS}{section.3}
\BOOKMARK [2][]{subsection.3.6}{Database design}{section.3}
\BOOKMARK [2][]{subsection.3.7}{Table structure}{section.3}
\BOOKMARK [2][]{subsection.3.8}{ER diagrams}{section.3}
\BOOKMARK [2][]{subsection.3.9}{Assumptions and Dependencies}{section.3}
\BOOKMARK [2][]{subsection.3.10}{Specific Requirements}{section.3}
\BOOKMARK [1][]{section.4}{Development and Implementation}{}
\BOOKMARK [2][]{subsection.4.1}{Introduction to languages}{section.4}
\BOOKMARK [2][]{subsection.4.2}{Any other Supporting Languages}{section.4}
\BOOKMARK [2][]{subsection.4.3}{Implementation}{section.4}
\BOOKMARK [2][]{subsection.4.4}{Testing}{section.4}
\BOOKMARK [1][]{section.5}{Conclusion and Future scope}{}
\BOOKMARK [2][]{subsection.5.1}{Conclusion}{section.5}
\BOOKMARK [2][]{subsection.5.2}{Future scope}{section.5}
